[debug] [2022-12-06T11:36:32.301Z] ----------------------------------------------------------------------
[debug] [2022-12-06T11:36:32.302Z] Command:       /opt/homebrew/Cellar/node/18.11.0/bin/node /opt/homebrew/bin/firebase deploy
[debug] [2022-12-06T11:36:32.302Z] CLI Version:   11.16.0
[debug] [2022-12-06T11:36:32.302Z] Platform:      darwin
[debug] [2022-12-06T11:36:32.302Z] Node Version:  v18.11.0
[debug] [2022-12-06T11:36:32.303Z] Time:          Tue Dec 06 2022 06:36:32 GMT-0500 (Eastern Standard Time)
[debug] [2022-12-06T11:36:32.303Z] ----------------------------------------------------------------------
[debug] 
[debug] [2022-12-06T11:36:32.339Z] > command requires scopes: ["email","openid","https://www.googleapis.com/auth/cloudplatformprojects.readonly","https://www.googleapis.com/auth/firebase","https://www.googleapis.com/auth/cloud-platform"]
[debug] [2022-12-06T11:36:32.339Z] > authorizing via signed-in user (dseum22@gmail.com)
[debug] [2022-12-06T11:36:32.339Z] [iam] checking project denniseum-4b16e for permissions ["firebase.projects.get","firebasehosting.sites.update"]
[debug] [2022-12-06T11:36:32.340Z] >>> [apiv2][query] POST https://cloudresourcemanager.googleapis.com/v1/projects/denniseum-4b16e:testIamPermissions [none]
[debug] [2022-12-06T11:36:32.340Z] >>> [apiv2][(partial)header] POST https://cloudresourcemanager.googleapis.com/v1/projects/denniseum-4b16e:testIamPermissions x-goog-quota-user=projects/denniseum-4b16e
[debug] [2022-12-06T11:36:32.340Z] >>> [apiv2][body] POST https://cloudresourcemanager.googleapis.com/v1/projects/denniseum-4b16e:testIamPermissions {"permissions":["firebase.projects.get","firebasehosting.sites.update"]}
[debug] [2022-12-06T11:36:32.522Z] <<< [apiv2][status] POST https://cloudresourcemanager.googleapis.com/v1/projects/denniseum-4b16e:testIamPermissions 200
[debug] [2022-12-06T11:36:32.522Z] <<< [apiv2][body] POST https://cloudresourcemanager.googleapis.com/v1/projects/denniseum-4b16e:testIamPermissions {"permissions":["firebase.projects.get","firebasehosting.sites.update"]}
[debug] [2022-12-06T11:36:32.522Z] >>> [apiv2][query] GET https://firebase.googleapis.com/v1beta1/projects/denniseum-4b16e [none]
[debug] [2022-12-06T11:36:32.866Z] <<< [apiv2][status] GET https://firebase.googleapis.com/v1beta1/projects/denniseum-4b16e 200
[debug] [2022-12-06T11:36:32.867Z] <<< [apiv2][body] GET https://firebase.googleapis.com/v1beta1/projects/denniseum-4b16e {"projectId":"denniseum-4b16e","projectNumber":"423578505617","displayName":"denniseum","name":"projects/denniseum-4b16e","resources":{"hostingSite":"denniseum-4b16e","storageBucket":"denniseum-4b16e.appspot.com","locationId":"us-central"},"state":"ACTIVE","etag":"1_bbddbe89-121c-4eea-a07a-3cd54ce64d2d"}
[info] 
[info] === Deploying to 'denniseum-4b16e'...
[info] 
[info] i  deploying hosting 
[debug] [2022-12-06T11:36:32.868Z] >>> [apiv2][query] POST https://firebasehosting.googleapis.com/v1beta1/projects/-/sites/denniseum-4b16e/versions [none]
[debug] [2022-12-06T11:36:32.868Z] >>> [apiv2][body] POST https://firebasehosting.googleapis.com/v1beta1/projects/-/sites/denniseum-4b16e/versions {"status":"CREATED","labels":{"deployment-tool":"cli-firebase"}}
[debug] [2022-12-06T11:36:33.524Z] <<< [apiv2][status] POST https://firebasehosting.googleapis.com/v1beta1/projects/-/sites/denniseum-4b16e/versions 200
[debug] [2022-12-06T11:36:33.524Z] <<< [apiv2][body] POST https://firebasehosting.googleapis.com/v1beta1/projects/-/sites/denniseum-4b16e/versions {"name":"projects/423578505617/sites/denniseum-4b16e/versions/459333e1e09e731d","status":"CREATED","config":{},"labels":{"deployment-tool":"cli-firebase"}}
[info] i  hosting[denniseum-4b16e]: beginning deploy... 
[info] i  hosting[denniseum-4b16e]: found 54 files in out 
[debug] [2022-12-06T11:36:33.582Z] [hosting] uploading with 200 concurrency
[debug] [2022-12-06T11:36:33.617Z] [hosting] hash cache [b3V0] stored for 54 files
[debug] [2022-12-06T11:36:33.617Z] [hosting][hash queue][FINAL] {"max":30,"min":6,"avg":12.5,"active":0,"complete":54,"success":54,"errored":0,"retried":0,"total":54,"elapsed":33}
[debug] [2022-12-06T11:36:33.617Z] >>> [apiv2][query] POST https://firebasehosting.googleapis.com/v1beta1/projects/423578505617/sites/denniseum-4b16e/versions/459333e1e09e731d:populateFiles [none]
[debug] [2022-12-06T11:36:33.617Z] >>> [apiv2][body] POST https://firebasehosting.googleapis.com/v1beta1/projects/423578505617/sites/denniseum-4b16e/versions/459333e1e09e731d:populateFiles {"files":{"/404.html":"8e7db17011acd37ee61fd7d48080fad7f7c4fd464a77960643f68f6b4c0a20e2","/favicon-32x32.png":"ed23110f799fdfb734bf4a7b3c1a3f7f7acb80979e25ea26c27da2da04171c8d","/contact.html":"b5d4473705e10f6be8c4cbee3dacc0be1b7291ec03728257eb49271d00df3fc0","/favicon-16x16.png":"0bcfde3cf95524ad0b5eaf3a787e3090e9bd10bd2fe3782e7f41550d0a4179c6","/index.html":"2ae2f0058ff1dfa9c45687e0ee8664bb30e3d69be60d4d912accaf6a6ca8f99f","/cello.html":"6c069aa5459504334db6da67d2bbd27efc052c0227a190565c861bd6cb8c3446","/apple-touch-icon.png":"2c328923ec6f123892f662937635682ff2bb1d07b5a97d6fd7ccce865926d7e2","/_next/data/tOdnJUJWyhBbA2VmWyJyF/journal/bitwise-operators.json":"5728dce5bd8c5bfd83ffa309c4def470e4a7fb35244155463e51f770a5db7cda","/_next/data/tOdnJUJWyhBbA2VmWyJyF/journal.json":"70d24cd1070f97a5318a3de1beec783ea804b3bbd83f3dcfd4247ddd537b0fb6","/projects.html":"d0f5d8a092a3db1deb9e9eff352555a258ea903a547be5ecb5eecf4787295aae","/journal.html":"21dd57a27d0fb3e61882552f060343e5417900fe989968d761319120825dc716","/_next/data/tOdnJUJWyhBbA2VmWyJyF/journal/ubuntu-php-installation.json":"b3f18d1e723d38f13c0edb1dea76ff5256525a9c8807e253b5235fcc054310a3","/_next/data/tOdnJUJWyhBbA2VmWyJyF/journal/code-structuring.json":"14630e01c5f9ce188617c435961906feb3b0d80c1bed3a199fb4c507c8227575","/_next/data/tOdnJUJWyhBbA2VmWyJyF/journal/my-dreamed-future.json":"0ba452428bfa1301fa82396cf6acbd4be41ca0b33a9f36bdbf6212204ae4225d","/favicon.ico":"91b5743cb27d1f90243621c28b1584f8c44950c6231f96bef114ea97a9288970","/_next/data/tOdnJUJWyhBbA2VmWyJyF/journal/shift-to-typescript.json":"dd7cab5d0e363c6acb83c12ea5c49bebd50238f138f67af323781f9df811c4c0","/_next/static/chunks/675-8610370ef62a12c1.js":"2722a029e6b658c700af0bd12cd53e4c390901328b5725a93464b2faa49958da","/_next/static/chunks/984-d54c0474ef1a9b53.js":"86b14f17bf6c8d177f2efbe71ce232450cd872798cefe56d4e99df193e0bdcaa","/_next/static/chunks/pages/_error-8353112a01355ec2.js":"2e49f49a804b59fb1242408c8617443cde7949a4dcc1aef00757f25b7d4f0d2e","/_next/static/chunks/webpack-38cee4c0e358b1a3.js":"49237816d20c159d6e98d0a3af82a7bf4ee3fe2542995146533a5679a0207dd4","/_next/static/chunks/pages/journal-ebc597be00908ebd.js":"8cbb3253729dedef58071974d63b6b35d3f227e15d9e8e897378cc921f7c1222","/_next/static/chunks/pages/cello-eab8ab216d2d685a.js":"f6bc598786c8eef9568bc7911ebe39658d3a5877fcd9946c903c7bd868066f4f","/_next/static/tOdnJUJWyhBbA2VmWyJyF/_buildManifest.js":"d60e59babbdcdb632d61c391556c4310743485e5f861da7ed6f479d084a5993e","/_next/static/chunks/pages/journal/[id]-bb7bee39a1352440.js":"dd60d49e40083f1dbbd49bbd7d966cdc06c12729491f9fcffb28c1113f1781c0","/_next/static/chunks/pages/projects-87b1e08518ed13b2.js":"80046c94946b2e286ea27d9a153eef6c9b63cf13671dcbcdc2ebd9932ceee85d","/_next/static/tOdnJUJWyhBbA2VmWyJyF/_ssgManifest.js":"bb5662cab71642023d9acd468188f709074bd0819afd484c7ca565534664081b","/_next/static/css/a061202ad2943a70.css":"617483f1b2c755fde572b4dc1b0392fda2d6e11e48ce08ba979ecd274e9eaf10","/_next/static/chunks/pages/index-dedefd6d13f161b1.js":"6690e4160ecde600c24b4f3b67535b533f4bc20cb785bbe9f622967760772d9d","/journal/bitwise-operators.html":"763adecb9c7c754fd4d6e6e66f481292ad07f29ae0ce1391ae75143e09509f2a","/_next/static/chunks/120-dee354173db72d88.js":"97c6865d9b2197c012f95065d08f288eb907f6192ca97bbcdd6c5c056d53a638","/_next/static/chunks/pages/contact-8c56fd85cf4107fe.js":"89508bdf6dfc9dc95bea67c5b3def3a7972f20228d5f367d10357d757c6fdf68","/_next/static/chunks/29107295-8619d3a1a46e5850.js":"76e5f95542a7b4ea81ae5137c27165eaa01948ad8e32d36653e22d1279fa5128","/_next/static/chunks/main-b6ae7f85f00af153.js":"e4228581a71387d0f856eb86c521b3fd76fe6ea549aae8d62e2bc0cac0b8145f","/_next/static/media/signature.e51b937d.jpg":"566a52f3b1748e94a79f9fa9de0b42ba11c2e13e822c6c61ecea1ff4e89b762e","/_next/static/chunks/polyfills-c67a75d1b6f99dc8.js":"aba23275a3c1380bfc8d467fd921b0c209e7182dbdaa02611c3a496b0b3b34ec","/assets/images/signature.jpg":"566a52f3b1748e94a79f9fa9de0b42ba11c2e13e822c6c61ecea1ff4e89b762e","/_next/static/chunks/pages/_app-062ffa5d09b939be.js":"b9a9c954733b42b28888e8ee5eb6f5a3da344e479611c82aeb451d99c88339b3","/journal/my-dreamed-future.html":"72c2dc7954f507017d1ecf33cf2a12879f36207840c87078b3da34a1a76e258f","/journal/code-structuring.html":"39ee87c6e44cd8884b2e53e275c3ca294a8a3e6f832df32f52bd18ad6ed48320","/journal/ubuntu-php-installation.html":"9eb30fd746837c587ae7e5d84f766fb188178d71b210bbe156e1f60e6eb23b80","/journal/shift-to-typescript.html":"9c0d415f03a23fda36ef72015a8accc6a2ff9496f8384cf36f33c9986c544428","/_next/static/chunks/7112840a-d9f443c199e8a008.js":"7884f1df9882a62fc40c50509abb456ee5af87d40a1c57b02290881d8a669abd","/_next/static/chunks/framework-3b5a00d5d7e8d93b.js":"85750d08d1adf48f3e36b7cf82ec949380c9706ec45b7fb9cc89dca5cd4c9d86","/assets/fonts/ComputerModern/ComputerModern-Bold.woff":"8b47bd5dfb848589e6379c0bc50a1522f010dd96e179a32f11a1cd63db2c362a","/assets/fonts/ComputerModern/ComputerModern-Regular.woff":"3493f59359082528768ffc6c5fd5e275d37b0d2f2fe430ffdc98636e55ad2f13","/assets/fonts/Inter/Inter-Italic.woff":"71e2371e7d102852f0a0fcd3f8c3ae5df4081c43f6b31dca1c0f84640dbd19a8","/assets/fonts/Inter/Inter-Bold.woff":"4034dc8a5c09404b1c0977af56dd2083d2ce62ff9c7a8305faee46c988c1829b","/assets/fonts/Inter/Inter-Regular.woff":"540b84e28bfc68ad373e3cf56449d0a2477da7a83c7a1adb1f1fd8be97c5f8d0","/assets/fonts/ComputerModern/ComputerModern-BoldItalic.woff":"a6edd01d95a5cdf0679a24b334e5edc2ac92a2df7b37f9b64209c30fa9e85af0","/assets/fonts/Inter/Inter-Light.woff":"b75eb886fe00aac335fbc249ca6df8147f3bd5a53fe4439b9823505452577431","/assets/fonts/Inter/Inter-LightItalic.woff":"fb1b92064c1453bfbc000d8fd6c95f65d741d5b905fe8367ebabca5b13c3e81c","/assets/fonts/ComputerModern/ComputerModern-Italic.woff":"a51f5e73bd27682f13a2a8ac000b535e57da5daa8bb5a3e33ec0daa1c0d7b452","/assets/fonts/Inter/Inter-BoldItalic.woff":"9dc3a6c650f538e6d9f4eab67699b9d3627eacfc98820b65566f98b29aa2e7d1","/_next/static/chunks/514-2a9a7516b7852beb.js":"e21f8e8bd279228ed14e5dea01905e8da9a4ec838e4ad29a08087856f1f4f018"}}
[debug] [2022-12-06T11:36:34.044Z] <<< [apiv2][status] POST https://firebasehosting.googleapis.com/v1beta1/projects/423578505617/sites/denniseum-4b16e/versions/459333e1e09e731d:populateFiles 200
[debug] [2022-12-06T11:36:34.044Z] <<< [apiv2][body] POST https://firebasehosting.googleapis.com/v1beta1/projects/423578505617/sites/denniseum-4b16e/versions/459333e1e09e731d:populateFiles {"uploadRequiredHashes":["d0f5d8a092a3db1deb9e9eff352555a258ea903a547be5ecb5eecf4787295aae","6c069aa5459504334db6da67d2bbd27efc052c0227a190565c861bd6cb8c3446","21dd57a27d0fb3e61882552f060343e5417900fe989968d761319120825dc716","7884f1df9882a62fc40c50509abb456ee5af87d40a1c57b02290881d8a669abd","d60e59babbdcdb632d61c391556c4310743485e5f861da7ed6f479d084a5993e","763adecb9c7c754fd4d6e6e66f481292ad07f29ae0ce1391ae75143e09509f2a","39ee87c6e44cd8884b2e53e275c3ca294a8a3e6f832df32f52bd18ad6ed48320","72c2dc7954f507017d1ecf33cf2a12879f36207840c87078b3da34a1a76e258f","9eb30fd746837c587ae7e5d84f766fb188178d71b210bbe156e1f60e6eb23b80","b5d4473705e10f6be8c4cbee3dacc0be1b7291ec03728257eb49271d00df3fc0","2ae2f0058ff1dfa9c45687e0ee8664bb30e3d69be60d4d912accaf6a6ca8f99f","b9a9c954733b42b28888e8ee5eb6f5a3da344e479611c82aeb451d99c88339b3","89508bdf6dfc9dc95bea67c5b3def3a7972f20228d5f367d10357d757c6fdf68","8e7db17011acd37ee61fd7d48080fad7f7c4fd464a77960643f68f6b4c0a20e2","9c0d415f03a23fda36ef72015a8accc6a2ff9496f8384cf36f33c9986c544428"],"uploadUrl":"https://upload-firebasehosting.googleapis.com/upload/sites/denniseum-4b16e/versions/459333e1e09e731d/files"}
[debug] [2022-12-06T11:36:34.045Z] >>> [apiv2][query] POST https://upload-firebasehosting.googleapis.com/upload/sites/denniseum-4b16e/versions/459333e1e09e731d/files/d0f5d8a092a3db1deb9e9eff352555a258ea903a547be5ecb5eecf4787295aae [none]
[debug] [2022-12-06T11:36:34.045Z] >>> [apiv2][body] POST https://upload-firebasehosting.googleapis.com/upload/sites/denniseum-4b16e/versions/459333e1e09e731d/files/d0f5d8a092a3db1deb9e9eff352555a258ea903a547be5ecb5eecf4787295aae [stream]
[debug] [2022-12-06T11:36:34.045Z] >>> [apiv2][query] POST https://upload-firebasehosting.googleapis.com/upload/sites/denniseum-4b16e/versions/459333e1e09e731d/files/6c069aa5459504334db6da67d2bbd27efc052c0227a190565c861bd6cb8c3446 [none]
[debug] [2022-12-06T11:36:34.045Z] >>> [apiv2][body] POST https://upload-firebasehosting.googleapis.com/upload/sites/denniseum-4b16e/versions/459333e1e09e731d/files/6c069aa5459504334db6da67d2bbd27efc052c0227a190565c861bd6cb8c3446 [stream]
[debug] [2022-12-06T11:36:34.046Z] >>> [apiv2][query] POST https://upload-firebasehosting.googleapis.com/upload/sites/denniseum-4b16e/versions/459333e1e09e731d/files/21dd57a27d0fb3e61882552f060343e5417900fe989968d761319120825dc716 [none]
[debug] [2022-12-06T11:36:34.046Z] >>> [apiv2][body] POST https://upload-firebasehosting.googleapis.com/upload/sites/denniseum-4b16e/versions/459333e1e09e731d/files/21dd57a27d0fb3e61882552f060343e5417900fe989968d761319120825dc716 [stream]
[debug] [2022-12-06T11:36:34.046Z] >>> [apiv2][query] POST https://upload-firebasehosting.googleapis.com/upload/sites/denniseum-4b16e/versions/459333e1e09e731d/files/7884f1df9882a62fc40c50509abb456ee5af87d40a1c57b02290881d8a669abd [none]
[debug] [2022-12-06T11:36:34.046Z] >>> [apiv2][body] POST https://upload-firebasehosting.googleapis.com/upload/sites/denniseum-4b16e/versions/459333e1e09e731d/files/7884f1df9882a62fc40c50509abb456ee5af87d40a1c57b02290881d8a669abd [stream]
[debug] [2022-12-06T11:36:34.046Z] >>> [apiv2][query] POST https://upload-firebasehosting.googleapis.com/upload/sites/denniseum-4b16e/versions/459333e1e09e731d/files/d60e59babbdcdb632d61c391556c4310743485e5f861da7ed6f479d084a5993e [none]
[debug] [2022-12-06T11:36:34.046Z] >>> [apiv2][body] POST https://upload-firebasehosting.googleapis.com/upload/sites/denniseum-4b16e/versions/459333e1e09e731d/files/d60e59babbdcdb632d61c391556c4310743485e5f861da7ed6f479d084a5993e [stream]
[debug] [2022-12-06T11:36:34.047Z] >>> [apiv2][query] POST https://upload-firebasehosting.googleapis.com/upload/sites/denniseum-4b16e/versions/459333e1e09e731d/files/763adecb9c7c754fd4d6e6e66f481292ad07f29ae0ce1391ae75143e09509f2a [none]
[debug] [2022-12-06T11:36:34.047Z] >>> [apiv2][body] POST https://upload-firebasehosting.googleapis.com/upload/sites/denniseum-4b16e/versions/459333e1e09e731d/files/763adecb9c7c754fd4d6e6e66f481292ad07f29ae0ce1391ae75143e09509f2a [stream]
[debug] [2022-12-06T11:36:34.047Z] >>> [apiv2][query] POST https://upload-firebasehosting.googleapis.com/upload/sites/denniseum-4b16e/versions/459333e1e09e731d/files/39ee87c6e44cd8884b2e53e275c3ca294a8a3e6f832df32f52bd18ad6ed48320 [none]
[debug] [2022-12-06T11:36:34.047Z] >>> [apiv2][body] POST https://upload-firebasehosting.googleapis.com/upload/sites/denniseum-4b16e/versions/459333e1e09e731d/files/39ee87c6e44cd8884b2e53e275c3ca294a8a3e6f832df32f52bd18ad6ed48320 [stream]
[debug] [2022-12-06T11:36:34.048Z] >>> [apiv2][query] POST https://upload-firebasehosting.googleapis.com/upload/sites/denniseum-4b16e/versions/459333e1e09e731d/files/72c2dc7954f507017d1ecf33cf2a12879f36207840c87078b3da34a1a76e258f [none]
[debug] [2022-12-06T11:36:34.048Z] >>> [apiv2][body] POST https://upload-firebasehosting.googleapis.com/upload/sites/denniseum-4b16e/versions/459333e1e09e731d/files/72c2dc7954f507017d1ecf33cf2a12879f36207840c87078b3da34a1a76e258f [stream]
[debug] [2022-12-06T11:36:34.048Z] >>> [apiv2][query] POST https://upload-firebasehosting.googleapis.com/upload/sites/denniseum-4b16e/versions/459333e1e09e731d/files/9eb30fd746837c587ae7e5d84f766fb188178d71b210bbe156e1f60e6eb23b80 [none]
[debug] [2022-12-06T11:36:34.048Z] >>> [apiv2][body] POST https://upload-firebasehosting.googleapis.com/upload/sites/denniseum-4b16e/versions/459333e1e09e731d/files/9eb30fd746837c587ae7e5d84f766fb188178d71b210bbe156e1f60e6eb23b80 [stream]
[debug] [2022-12-06T11:36:34.049Z] >>> [apiv2][query] POST https://upload-firebasehosting.googleapis.com/upload/sites/denniseum-4b16e/versions/459333e1e09e731d/files/b5d4473705e10f6be8c4cbee3dacc0be1b7291ec03728257eb49271d00df3fc0 [none]
[debug] [2022-12-06T11:36:34.049Z] >>> [apiv2][body] POST https://upload-firebasehosting.googleapis.com/upload/sites/denniseum-4b16e/versions/459333e1e09e731d/files/b5d4473705e10f6be8c4cbee3dacc0be1b7291ec03728257eb49271d00df3fc0 [stream]
[debug] [2022-12-06T11:36:34.049Z] >>> [apiv2][query] POST https://upload-firebasehosting.googleapis.com/upload/sites/denniseum-4b16e/versions/459333e1e09e731d/files/2ae2f0058ff1dfa9c45687e0ee8664bb30e3d69be60d4d912accaf6a6ca8f99f [none]
[debug] [2022-12-06T11:36:34.049Z] >>> [apiv2][body] POST https://upload-firebasehosting.googleapis.com/upload/sites/denniseum-4b16e/versions/459333e1e09e731d/files/2ae2f0058ff1dfa9c45687e0ee8664bb30e3d69be60d4d912accaf6a6ca8f99f [stream]
[debug] [2022-12-06T11:36:34.050Z] >>> [apiv2][query] POST https://upload-firebasehosting.googleapis.com/upload/sites/denniseum-4b16e/versions/459333e1e09e731d/files/b9a9c954733b42b28888e8ee5eb6f5a3da344e479611c82aeb451d99c88339b3 [none]
[debug] [2022-12-06T11:36:34.050Z] >>> [apiv2][body] POST https://upload-firebasehosting.googleapis.com/upload/sites/denniseum-4b16e/versions/459333e1e09e731d/files/b9a9c954733b42b28888e8ee5eb6f5a3da344e479611c82aeb451d99c88339b3 [stream]
[debug] [2022-12-06T11:36:34.050Z] >>> [apiv2][query] POST https://upload-firebasehosting.googleapis.com/upload/sites/denniseum-4b16e/versions/459333e1e09e731d/files/89508bdf6dfc9dc95bea67c5b3def3a7972f20228d5f367d10357d757c6fdf68 [none]
[debug] [2022-12-06T11:36:34.050Z] >>> [apiv2][body] POST https://upload-firebasehosting.googleapis.com/upload/sites/denniseum-4b16e/versions/459333e1e09e731d/files/89508bdf6dfc9dc95bea67c5b3def3a7972f20228d5f367d10357d757c6fdf68 [stream]
[debug] [2022-12-06T11:36:34.050Z] >>> [apiv2][query] POST https://upload-firebasehosting.googleapis.com/upload/sites/denniseum-4b16e/versions/459333e1e09e731d/files/8e7db17011acd37ee61fd7d48080fad7f7c4fd464a77960643f68f6b4c0a20e2 [none]
[debug] [2022-12-06T11:36:34.050Z] >>> [apiv2][body] POST https://upload-firebasehosting.googleapis.com/upload/sites/denniseum-4b16e/versions/459333e1e09e731d/files/8e7db17011acd37ee61fd7d48080fad7f7c4fd464a77960643f68f6b4c0a20e2 [stream]
[debug] [2022-12-06T11:36:34.051Z] >>> [apiv2][query] POST https://upload-firebasehosting.googleapis.com/upload/sites/denniseum-4b16e/versions/459333e1e09e731d/files/9c0d415f03a23fda36ef72015a8accc6a2ff9496f8384cf36f33c9986c544428 [none]
[debug] [2022-12-06T11:36:34.051Z] >>> [apiv2][body] POST https://upload-firebasehosting.googleapis.com/upload/sites/denniseum-4b16e/versions/459333e1e09e731d/files/9c0d415f03a23fda36ef72015a8accc6a2ff9496f8384cf36f33c9986c544428 [stream]
[debug] [2022-12-06T11:36:34.051Z] [hosting][populate queue][FINAL] {"max":429,"min":429,"avg":429,"active":0,"complete":1,"success":1,"errored":0,"retried":0,"total":1,"elapsed":435}
[debug] [2022-12-06T11:36:34.051Z] [hosting] uploads queued: 15
[debug] [2022-12-06T11:36:34.670Z] <<< [apiv2][status] POST https://upload-firebasehosting.googleapis.com/upload/sites/denniseum-4b16e/versions/459333e1e09e731d/files/72c2dc7954f507017d1ecf33cf2a12879f36207840c87078b3da34a1a76e258f 200
[debug] [2022-12-06T11:36:34.670Z] <<< [apiv2][body] POST https://upload-firebasehosting.googleapis.com/upload/sites/denniseum-4b16e/versions/459333e1e09e731d/files/72c2dc7954f507017d1ecf33cf2a12879f36207840c87078b3da34a1a76e258f [stream]
[debug] [2022-12-06T11:36:34.711Z] <<< [apiv2][status] POST https://upload-firebasehosting.googleapis.com/upload/sites/denniseum-4b16e/versions/459333e1e09e731d/files/6c069aa5459504334db6da67d2bbd27efc052c0227a190565c861bd6cb8c3446 200
[debug] [2022-12-06T11:36:34.711Z] <<< [apiv2][body] POST https://upload-firebasehosting.googleapis.com/upload/sites/denniseum-4b16e/versions/459333e1e09e731d/files/6c069aa5459504334db6da67d2bbd27efc052c0227a190565c861bd6cb8c3446 [stream]
[debug] [2022-12-06T11:36:34.736Z] <<< [apiv2][status] POST https://upload-firebasehosting.googleapis.com/upload/sites/denniseum-4b16e/versions/459333e1e09e731d/files/b5d4473705e10f6be8c4cbee3dacc0be1b7291ec03728257eb49271d00df3fc0 200
[debug] [2022-12-06T11:36:34.736Z] <<< [apiv2][body] POST https://upload-firebasehosting.googleapis.com/upload/sites/denniseum-4b16e/versions/459333e1e09e731d/files/b5d4473705e10f6be8c4cbee3dacc0be1b7291ec03728257eb49271d00df3fc0 [stream]
[debug] [2022-12-06T11:36:34.894Z] <<< [apiv2][status] POST https://upload-firebasehosting.googleapis.com/upload/sites/denniseum-4b16e/versions/459333e1e09e731d/files/d0f5d8a092a3db1deb9e9eff352555a258ea903a547be5ecb5eecf4787295aae 200
[debug] [2022-12-06T11:36:34.894Z] <<< [apiv2][body] POST https://upload-firebasehosting.googleapis.com/upload/sites/denniseum-4b16e/versions/459333e1e09e731d/files/d0f5d8a092a3db1deb9e9eff352555a258ea903a547be5ecb5eecf4787295aae [stream]
[debug] [2022-12-06T11:36:34.894Z] <<< [apiv2][status] POST https://upload-firebasehosting.googleapis.com/upload/sites/denniseum-4b16e/versions/459333e1e09e731d/files/2ae2f0058ff1dfa9c45687e0ee8664bb30e3d69be60d4d912accaf6a6ca8f99f 200
[debug] [2022-12-06T11:36:34.894Z] <<< [apiv2][body] POST https://upload-firebasehosting.googleapis.com/upload/sites/denniseum-4b16e/versions/459333e1e09e731d/files/2ae2f0058ff1dfa9c45687e0ee8664bb30e3d69be60d4d912accaf6a6ca8f99f [stream]
[debug] [2022-12-06T11:36:34.895Z] <<< [apiv2][status] POST https://upload-firebasehosting.googleapis.com/upload/sites/denniseum-4b16e/versions/459333e1e09e731d/files/763adecb9c7c754fd4d6e6e66f481292ad07f29ae0ce1391ae75143e09509f2a 200
[debug] [2022-12-06T11:36:34.895Z] <<< [apiv2][body] POST https://upload-firebasehosting.googleapis.com/upload/sites/denniseum-4b16e/versions/459333e1e09e731d/files/763adecb9c7c754fd4d6e6e66f481292ad07f29ae0ce1391ae75143e09509f2a [stream]
[debug] [2022-12-06T11:36:34.895Z] <<< [apiv2][status] POST https://upload-firebasehosting.googleapis.com/upload/sites/denniseum-4b16e/versions/459333e1e09e731d/files/9eb30fd746837c587ae7e5d84f766fb188178d71b210bbe156e1f60e6eb23b80 200
[debug] [2022-12-06T11:36:34.895Z] <<< [apiv2][body] POST https://upload-firebasehosting.googleapis.com/upload/sites/denniseum-4b16e/versions/459333e1e09e731d/files/9eb30fd746837c587ae7e5d84f766fb188178d71b210bbe156e1f60e6eb23b80 [stream]
[debug] [2022-12-06T11:36:34.895Z] <<< [apiv2][status] POST https://upload-firebasehosting.googleapis.com/upload/sites/denniseum-4b16e/versions/459333e1e09e731d/files/21dd57a27d0fb3e61882552f060343e5417900fe989968d761319120825dc716 200
[debug] [2022-12-06T11:36:34.895Z] <<< [apiv2][body] POST https://upload-firebasehosting.googleapis.com/upload/sites/denniseum-4b16e/versions/459333e1e09e731d/files/21dd57a27d0fb3e61882552f060343e5417900fe989968d761319120825dc716 [stream]
[debug] [2022-12-06T11:36:34.900Z] <<< [apiv2][status] POST https://upload-firebasehosting.googleapis.com/upload/sites/denniseum-4b16e/versions/459333e1e09e731d/files/9c0d415f03a23fda36ef72015a8accc6a2ff9496f8384cf36f33c9986c544428 200
[debug] [2022-12-06T11:36:34.900Z] <<< [apiv2][body] POST https://upload-firebasehosting.googleapis.com/upload/sites/denniseum-4b16e/versions/459333e1e09e731d/files/9c0d415f03a23fda36ef72015a8accc6a2ff9496f8384cf36f33c9986c544428 [stream]
[debug] [2022-12-06T11:36:35.058Z] <<< [apiv2][status] POST https://upload-firebasehosting.googleapis.com/upload/sites/denniseum-4b16e/versions/459333e1e09e731d/files/39ee87c6e44cd8884b2e53e275c3ca294a8a3e6f832df32f52bd18ad6ed48320 200
[debug] [2022-12-06T11:36:35.058Z] <<< [apiv2][body] POST https://upload-firebasehosting.googleapis.com/upload/sites/denniseum-4b16e/versions/459333e1e09e731d/files/39ee87c6e44cd8884b2e53e275c3ca294a8a3e6f832df32f52bd18ad6ed48320 [stream]
[debug] [2022-12-06T11:36:35.422Z] <<< [apiv2][status] POST https://upload-firebasehosting.googleapis.com/upload/sites/denniseum-4b16e/versions/459333e1e09e731d/files/7884f1df9882a62fc40c50509abb456ee5af87d40a1c57b02290881d8a669abd 200
[debug] [2022-12-06T11:36:35.422Z] <<< [apiv2][body] POST https://upload-firebasehosting.googleapis.com/upload/sites/denniseum-4b16e/versions/459333e1e09e731d/files/7884f1df9882a62fc40c50509abb456ee5af87d40a1c57b02290881d8a669abd [stream]
[debug] [2022-12-06T11:36:35.423Z] <<< [apiv2][status] POST https://upload-firebasehosting.googleapis.com/upload/sites/denniseum-4b16e/versions/459333e1e09e731d/files/b9a9c954733b42b28888e8ee5eb6f5a3da344e479611c82aeb451d99c88339b3 200
[debug] [2022-12-06T11:36:35.423Z] <<< [apiv2][body] POST https://upload-firebasehosting.googleapis.com/upload/sites/denniseum-4b16e/versions/459333e1e09e731d/files/b9a9c954733b42b28888e8ee5eb6f5a3da344e479611c82aeb451d99c88339b3 [stream]
[debug] [2022-12-06T11:36:35.423Z] <<< [apiv2][status] POST https://upload-firebasehosting.googleapis.com/upload/sites/denniseum-4b16e/versions/459333e1e09e731d/files/d60e59babbdcdb632d61c391556c4310743485e5f861da7ed6f479d084a5993e 200
[debug] [2022-12-06T11:36:35.423Z] <<< [apiv2][body] POST https://upload-firebasehosting.googleapis.com/upload/sites/denniseum-4b16e/versions/459333e1e09e731d/files/d60e59babbdcdb632d61c391556c4310743485e5f861da7ed6f479d084a5993e [stream]
[debug] [2022-12-06T11:36:35.423Z] <<< [apiv2][status] POST https://upload-firebasehosting.googleapis.com/upload/sites/denniseum-4b16e/versions/459333e1e09e731d/files/89508bdf6dfc9dc95bea67c5b3def3a7972f20228d5f367d10357d757c6fdf68 200
[debug] [2022-12-06T11:36:35.423Z] <<< [apiv2][body] POST https://upload-firebasehosting.googleapis.com/upload/sites/denniseum-4b16e/versions/459333e1e09e731d/files/89508bdf6dfc9dc95bea67c5b3def3a7972f20228d5f367d10357d757c6fdf68 [stream]
